<?xml version="1.0" encoding="utf-8"?><testsuites name="pytest tests"><testsuite name="pytest" errors="0" failures="0" skipped="0" tests="9" time="1.501" timestamp="2026-03-18T06:22:29.533665+00:00" hostname="agent-env-2634b2c3-b6fe-4b5e-8969-ef49905ddb75"><testcase classname="tests.test_iteration75_subscribers.TestSubscriberDownloadTemplate" name="test_download_template_returns_xlsx" time="0.323" /><testcase classname="tests.test_iteration75_subscribers.TestSubscriberList" name="test_list_subscribers_returns_array" time="0.144" /><testcase classname="tests.test_iteration75_subscribers.TestSubscriberList" name="test_list_subscribers_contains_test_user" time="0.115" /><testcase classname="tests.test_iteration75_subscribers.TestSubscriberExport" name="test_export_subscribers_returns_xlsx" time="0.124" /><testcase classname="tests.test_iteration75_subscribers.TestStudentHomeSubscriptionData" name="test_student_home_with_session_cookie" time="0.152" /><testcase classname="tests.test_iteration75_subscribers.TestStudentHomeSubscriptionData" name="test_student_home_without_session_returns_401" time="0.098" /><testcase classname="tests.test_iteration75_subscribers.TestSubscriberUpload" name="test_upload_endpoint_exists" time="0.153" /><testcase classname="tests.test_iteration75_subscribers.TestEMIPaymentEndpoint" name="test_emi_payment_endpoint_exists" time="0.102" /><testcase classname="tests.test_iteration75_subscribers.TestSessionUpdateEndpoint" name="test_session_update_endpoint_exists" time="0.110" /></testsuite></testsuites>