<?xml version="1.0" encoding="utf-8"?><testsuites name="pytest tests"><testsuite name="pytest" errors="0" failures="0" skipped="0" tests="10" time="3.738" timestamp="2026-03-18T07:07:18.972037+00:00" hostname="agent-env-2634b2c3-b6fe-4b5e-8969-ef49905ddb75"><testcase classname="backend.tests.test_iteration77_pricing_config.TestPricingConfigAPI" name="test_get_pricing_config_returns_valid_structure" time="0.275" /><testcase classname="backend.tests.test_iteration77_pricing_config.TestPricingConfigAPI" name="test_get_pricing_config_has_default_programs" time="0.118" /><testcase classname="backend.tests.test_iteration77_pricing_config.TestPricingConfigAPI" name="test_update_pricing_config_package_name" time="0.470" /><testcase classname="backend.tests.test_iteration77_pricing_config.TestPricingConfigAPI" name="test_update_pricing_config_pricing_by_currency" time="0.514" /><testcase classname="backend.tests.test_iteration77_pricing_config.TestPricingConfigAPI" name="test_update_pricing_config_add_program" time="0.419" /><testcase classname="backend.tests.test_iteration77_pricing_config.TestPricingConfigAPI" name="test_update_pricing_config_duration_months" time="0.484" /><testcase classname="backend.tests.test_iteration77_pricing_config.TestPricingConfigAPI" name="test_update_pricing_config_sessions" time="0.484" /><testcase classname="backend.tests.test_iteration77_pricing_config.TestSubscriberListRegressions" name="test_subscriber_list_still_works" time="0.106" /><testcase classname="backend.tests.test_iteration77_pricing_config.TestSubscriberListRegressions" name="test_download_template_still_works" time="0.576" /><testcase classname="backend.tests.test_iteration77_pricing_config.TestSubscriberListRegressions" name="test_export_still_works" time="0.110" /></testsuite></testsuites>