<?xml version="1.0" encoding="utf-8"?><testsuites name="pytest tests"><testsuite name="pytest" errors="0" failures="0" skipped="0" tests="17" time="7.145" timestamp="2026-03-13T12:47:38.627741+00:00" hostname="agent-env-32719377-2de0-49aa-b0d8-7ca6141b6865"><testcase classname="backend.tests.test_iteration42_payment_settings.TestPaymentSettingsAPI" name="test_get_settings_returns_payment_disclaimer" time="0.256" /><testcase classname="backend.tests.test_iteration42_payment_settings.TestPaymentSettingsAPI" name="test_get_settings_returns_india_payment_links" time="0.112" /><testcase classname="backend.tests.test_iteration42_payment_settings.TestPaymentSettingsAPI" name="test_put_settings_update_payment_disclaimer" time="0.503" /><testcase classname="backend.tests.test_iteration42_payment_settings.TestPaymentSettingsAPI" name="test_put_settings_update_india_payment_links" time="0.531" /><testcase classname="backend.tests.test_iteration42_payment_settings.TestEnrollmentPhoneUpdate" name="test_update_phone_success" time="0.463" /><testcase classname="backend.tests.test_iteration42_payment_settings.TestEnrollmentPhoneUpdate" name="test_update_phone_foreign_number" time="0.411" /><testcase classname="backend.tests.test_iteration42_payment_settings.TestEnrollmentPhoneUpdate" name="test_update_phone_not_found" time="0.273" /><testcase classname="backend.tests.test_iteration42_payment_settings.TestIndiaPricingValidation" name="test_pricing_non_india_user_gets_aed" time="0.403" /><testcase classname="backend.tests.test_iteration42_payment_settings.TestIndiaPricingValidation" name="test_pricing_india_country_non_india_ip_no_inr" time="0.531" /><testcase classname="backend.tests.test_iteration42_payment_settings.TestIndiaPricingValidation" name="test_pricing_foreign_phone_blocks_inr" time="0.516" /><testcase classname="backend.tests.test_iteration42_payment_settings.TestIndiaPricingValidation" name="test_pricing_no_phone_passes_check" time="0.429" /><testcase classname="backend.tests.test_iteration42_payment_settings.TestRegionalCurrencyMapping" name="test_uae_user_gets_aed" time="0.416" /><testcase classname="backend.tests.test_iteration42_payment_settings.TestRegionalCurrencyMapping" name="test_us_user_gets_usd" time="0.416" /><testcase classname="backend.tests.test_iteration42_payment_settings.TestRegionalCurrencyMapping" name="test_uk_user_gets_usd" time="0.375" /><testcase classname="backend.tests.test_iteration42_payment_settings.TestRegionalCurrencyMapping" name="test_saudi_user_gets_aed" time="0.546" /><testcase classname="backend.tests.test_iteration42_payment_settings.TestPricingWithOfferPrice" name="test_pricing_returns_offer_price" time="0.382" /><testcase classname="backend.tests.test_iteration42_payment_settings.TestPricingResponseStructure" name="test_pricing_response_structure" time="0.441" /></testsuite></testsuites>