<?xml version="1.0" encoding="utf-8"?><testsuites name="pytest tests"><testsuite name="pytest" errors="0" failures="0" skipped="0" tests="16" time="5.510" timestamp="2026-03-18T06:45:24.608750+00:00" hostname="agent-env-2634b2c3-b6fe-4b5e-8969-ef49905ddb75"><testcase classname="backend.tests.test_iteration76_subscriber_crud.TestSubscriberCreate" name="test_create_new_subscriber_minimal" time="0.245" /><testcase classname="backend.tests.test_iteration76_subscriber_crud.TestSubscriberCreate" name="test_create_subscriber_with_emis" time="0.286" /><testcase classname="backend.tests.test_iteration76_subscriber_crud.TestSubscriberCreate" name="test_create_subscriber_updates_if_email_exists" time="0.284" /><testcase classname="backend.tests.test_iteration76_subscriber_crud.TestSubscriberUpdate" name="test_update_subscriber_full" time="0.437" /><testcase classname="backend.tests.test_iteration76_subscriber_crud.TestSubscriberUpdate" name="test_update_nonexistent_subscriber_returns_404" time="0.361" /><testcase classname="backend.tests.test_iteration76_subscriber_crud.TestEMIPayment" name="test_mark_emi_as_paid" time="0.476" /><testcase classname="backend.tests.test_iteration76_subscriber_crud.TestEMIPayment" name="test_partial_emi_payment" time="0.438" /><testcase classname="backend.tests.test_iteration76_subscriber_crud.TestEMIPayment" name="test_emi_payment_invalid_client" time="0.328" /><testcase classname="backend.tests.test_iteration76_subscriber_crud.TestSessionUpdate" name="test_increment_session_availed" time="0.446" /><testcase classname="backend.tests.test_iteration76_subscriber_crud.TestSessionUpdate" name="test_add_scheduled_date" time="0.443" /><testcase classname="backend.tests.test_iteration76_subscriber_crud.TestSubscriberDelete" name="test_delete_subscriber_subscription" time="0.432" /><testcase classname="backend.tests.test_iteration76_subscriber_crud.TestSubscriberDelete" name="test_delete_nonexistent_returns_404" time="0.106" /><testcase classname="backend.tests.test_iteration76_subscriber_crud.TestExistingEndpointsStillWork" name="test_list_subscribers" time="0.101" /><testcase classname="backend.tests.test_iteration76_subscriber_crud.TestExistingEndpointsStillWork" name="test_download_template" time="0.634" /><testcase classname="backend.tests.test_iteration76_subscriber_crud.TestExistingEndpointsStillWork" name="test_export_subscribers" time="0.168" /><testcase classname="backend.tests.test_iteration76_subscriber_crud.TestExistingEndpointsStillWork" name="test_student_financials_with_session" time="0.111" /></testsuite></testsuites>