<?xml version="1.0" encoding="utf-8"?><testsuites name="pytest tests"><testsuite name="pytest" errors="0" failures="0" skipped="0" tests="19" time="2.727" timestamp="2026-03-15T09:19:54.233516+00:00" hostname="agent-env-fbb975bc-07d1-4b74-a669-4af3d02b1668"><testcase classname="backend.tests.test_testimonial_search_transformations.TestGlobalSearch" name="test_search_returns_structure" time="0.267" /><testcase classname="backend.tests.test_testimonial_search_transformations.TestGlobalSearch" name="test_search_minimum_query_length" time="0.097" /><testcase classname="backend.tests.test_testimonial_search_transformations.TestGlobalSearch" name="test_search_empty_query" time="0.128" /><testcase classname="backend.tests.test_testimonial_search_transformations.TestGlobalSearch" name="test_search_finds_programs" time="0.223" /><testcase classname="backend.tests.test_testimonial_search_transformations.TestTestimonialsAPI" name="test_get_all_testimonials" time="0.109" /><testcase classname="backend.tests.test_testimonial_search_transformations.TestTestimonialsAPI" name="test_filter_by_type_graphic" time="0.137" /><testcase classname="backend.tests.test_testimonial_search_transformations.TestTestimonialsAPI" name="test_filter_by_type_video" time="0.135" /><testcase classname="backend.tests.test_testimonial_search_transformations.TestTestimonialsAPI" name="test_filter_by_type_template" time="0.101" /><testcase classname="backend.tests.test_testimonial_search_transformations.TestTestimonialsAPI" name="test_filter_visible_only" time="0.098" /><testcase classname="backend.tests.test_testimonial_search_transformations.TestTestimonialsAPI" name="test_search_filter" time="0.137" /><testcase classname="backend.tests.test_testimonial_search_transformations.TestTestimonialsAPI" name="test_get_categories" time="0.102" /><testcase classname="backend.tests.test_testimonial_search_transformations.TestTemplateTestimonialCRUD" name="test_create_template_testimonial" time="0.107" /><testcase classname="backend.tests.test_testimonial_search_transformations.TestTemplateTestimonialCRUD" name="test_verify_created_testimonial" time="0.118" /><testcase classname="backend.tests.test_testimonial_search_transformations.TestTemplateTestimonialCRUD" name="test_update_template_testimonial" time="0.100" /><testcase classname="backend.tests.test_testimonial_search_transformations.TestTemplateTestimonialCRUD" name="test_filter_by_program_id" time="0.245" /><testcase classname="backend.tests.test_testimonial_search_transformations.TestTemplateTestimonialCRUD" name="test_cleanup_delete_testimonial" time="0.204" /><testcase classname="backend.tests.test_testimonial_search_transformations.TestTransformationsPageSupport" name="test_combined_filters" time="0.100" /><testcase classname="backend.tests.test_testimonial_search_transformations.TestTransformationsPageSupport" name="test_programs_endpoint" time="0.099" /><testcase classname="backend.tests.test_testimonial_search_transformations.TestTransformationsPageSupport" name="test_sessions_endpoint" time="0.107" /></testsuite></testsuites>