<?xml version="1.0" encoding="utf-8"?><testsuites name="pytest tests"><testsuite name="pytest" errors="0" failures="0" skipped="0" tests="17" time="2.975" timestamp="2026-03-12T07:35:19.859633+00:00" hostname="agent-env-68fa9d6f-fcd3-489b-91ba-f3808bb6f6a7"><testcase classname="backend.tests.test_iteration19_new_features.TestSettingsAPI" name="test_settings_returns_social_spotify" time="0.185" /><testcase classname="backend.tests.test_iteration19_new_features.TestSettingsAPI" name="test_settings_returns_new_social_platforms" time="0.116" /><testcase classname="backend.tests.test_iteration19_new_features.TestSettingsAPI" name="test_settings_returns_terms_content" time="0.103" /><testcase classname="backend.tests.test_iteration19_new_features.TestSettingsAPI" name="test_settings_returns_privacy_content" time="0.122" /><testcase classname="backend.tests.test_iteration19_new_features.TestSettingsAPI" name="test_settings_returns_sender_emails" time="0.099" /><testcase classname="backend.tests.test_iteration19_new_features.TestProgramsAPI" name="test_programs_list_returns_content_sections" time="0.106" /><testcase classname="backend.tests.test_iteration19_new_features.TestProgramsAPI" name="test_single_program_returns_content_sections" time="0.191" /><testcase classname="backend.tests.test_iteration19_new_features.TestStatsAPI" name="test_stats_returns_icon_field" time="0.104" /><testcase classname="backend.tests.test_iteration19_new_features.TestStatsAPI" name="test_stats_returns_style_fields" time="0.099" /><testcase classname="backend.tests.test_iteration19_new_features.TestProgramDetailPageAPI" name="test_program_detail_returns_200" time="0.196" /><testcase classname="backend.tests.test_iteration19_new_features.TestProgramDetailPageAPI" name="test_program_not_found_returns_404" time="0.095" /><testcase classname="backend.tests.test_iteration19_new_features.TestSettingsUpdate" name="test_update_terms_content" time="0.291" /><testcase classname="backend.tests.test_iteration19_new_features.TestSettingsUpdate" name="test_update_privacy_content" time="0.254" /><testcase classname="backend.tests.test_iteration19_new_features.TestSettingsUpdate" name="test_update_social_spotify_toggle" time="0.209" /><testcase classname="backend.tests.test_iteration19_new_features.TestSettingsUpdate" name="test_update_sender_emails" time="0.208" /><testcase classname="backend.tests.test_iteration19_new_features.TestProgramContentSectionsUpdate" name="test_update_program_content_sections" time="0.309" /><testcase classname="backend.tests.test_iteration19_new_features.TestStatsUpdate" name="test_create_stat_with_icon_and_styles" time="0.205" /></testsuite></testsuites>