<?xml version="1.0" encoding="utf-8"?><testsuites name="pytest tests"><testsuite name="pytest" errors="0" failures="0" skipped="0" tests="18" time="4.428" timestamp="2026-03-18T07:26:26.125212+00:00" hostname="agent-env-2634b2c3-b6fe-4b5e-8969-ef49905ddb75"><testcase classname="backend.tests.test_iteration78_calculate_pricing.TestCalculatePricingEndpoint" name="test_calculate_pricing_returns_breakdown" time="0.231" /><testcase classname="backend.tests.test_iteration78_calculate_pricing.TestCalculatePricingEndpoint" name="test_breakdown_contains_program_details" time="0.115" /><testcase classname="backend.tests.test_iteration78_calculate_pricing.TestCalculatePricingEndpoint" name="test_awrp_fuzzy_matches_and_pulls_correct_prices" time="0.126" /><testcase classname="backend.tests.test_iteration78_calculate_pricing.TestCalculatePricingEndpoint" name="test_mmm_fuzzy_matches_and_pulls_correct_prices" time="0.104" /><testcase classname="backend.tests.test_iteration78_calculate_pricing.TestCalculatePricingEndpoint" name="test_sessions_type_programs_have_zero_prices" time="0.103" /><testcase classname="backend.tests.test_iteration78_calculate_pricing.TestCalculatePricingEndpoint" name="test_calculated_prices_use_duration_multiplier" time="0.121" /><testcase classname="backend.tests.test_iteration78_calculate_pricing.TestCalculatePricingEndpoint" name="test_subtotals_sum_all_calculated_prices" time="0.108" /><testcase classname="backend.tests.test_iteration78_calculate_pricing.TestCalculatePricingEndpoint" name="test_final_totals_with_no_overall_discount" time="0.277" /><testcase classname="backend.tests.test_iteration78_calculate_pricing.TestPricingConfigPutEndpoint" name="test_update_overall_discount_pct" time="0.433" /><testcase classname="backend.tests.test_iteration78_calculate_pricing.TestPricingConfigPutEndpoint" name="test_update_program_source_tier" time="0.440" /><testcase classname="backend.tests.test_iteration78_calculate_pricing.TestPricingConfigPutEndpoint" name="test_update_program_discount_pct" time="0.443" /><testcase classname="backend.tests.test_iteration78_calculate_pricing.TestPricingConfigPutEndpoint" name="test_discount_applied_in_calculate_pricing" time="0.430" /><testcase classname="backend.tests.test_iteration78_calculate_pricing.TestPricingConfigPutEndpoint" name="test_overall_discount_applied_in_final_totals" time="0.482" /><testcase classname="backend.tests.test_iteration78_calculate_pricing.TestSubscriberCRUDRegression" name="test_list_subscribers_still_works" time="0.113" /><testcase classname="backend.tests.test_iteration78_calculate_pricing.TestSubscriberCRUDRegression" name="test_create_and_delete_subscriber" time="0.341" /><testcase classname="backend.tests.test_iteration78_calculate_pricing.TestSubscriberCRUDRegression" name="test_download_template_still_works" time="0.214" /><testcase classname="backend.tests.test_iteration78_calculate_pricing.TestSubscriberCRUDRegression" name="test_export_still_works" time="0.124" /><testcase classname="backend.tests.test_iteration78_calculate_pricing.TestStudentFinancialsRegression" name="test_student_home_endpoint_exists" time="0.123" /></testsuite></testsuites>