<?xml version="1.0" encoding="utf-8"?><testsuites name="pytest tests"><testsuite name="pytest" errors="0" failures="0" skipped="0" tests="13" time="2.111" timestamp="2026-03-14T21:51:47.367609+00:00" hostname="agent-env-bfbfd46e-4d41-4000-9f5e-debbc25c69e3"><testcase classname="tests.test_iteration54_replicate_express_interest.TestProgramsAPI" name="test_get_all_programs" time="0.240" /><testcase classname="tests.test_iteration54_replicate_express_interest.TestProgramsAPI" name="test_program_has_replicate_to_flagship_field" time="0.146" /><testcase classname="tests.test_iteration54_replicate_express_interest.TestProgramsAPI" name="test_program_5_has_replicate_true" time="0.171" /><testcase classname="tests.test_iteration54_replicate_express_interest.TestProgramsAPI" name="test_program_1_has_replicate_false" time="0.124" /><testcase classname="tests.test_iteration54_replicate_express_interest.TestProgramsAPI" name="test_non_upcoming_programs_have_replicate_false" time="0.186" /><testcase classname="tests.test_iteration54_replicate_express_interest.TestEnrollmentStatus" name="test_programs_have_enrollment_status_field" time="0.106" /><testcase classname="tests.test_iteration54_replicate_express_interest.TestEnrollmentStatus" name="test_find_coming_soon_program" time="0.120" /><testcase classname="tests.test_iteration54_replicate_express_interest.TestNotifyMeAPI" name="test_notify_me_post" time="0.156" /><testcase classname="tests.test_iteration54_replicate_express_interest.TestNotifyMeAPI" name="test_notify_me_get" time="0.102" /><testcase classname="tests.test_iteration54_replicate_express_interest.TestNotifyMeAPI" name="test_notify_me_with_invalid_email" time="0.179" /><testcase classname="tests.test_iteration54_replicate_express_interest.TestProgramUpdate" name="test_update_replicate_to_flagship_field" time="0.272" /><testcase classname="tests.test_iteration54_replicate_express_interest.TestPricingAndTiersFields" name="test_programs_have_pricing_tiers_fields" time="0.106" /><testcase classname="tests.test_iteration54_replicate_express_interest.TestSessionsAPI" name="test_get_sessions" time="0.119" /></testsuite></testsuites>