<?xml version="1.0" encoding="utf-8"?><testsuites name="pytest tests"><testsuite name="pytest" errors="0" failures="0" skipped="0" tests="10" time="2.336" timestamp="2026-03-12T06:35:39.811503+00:00" hostname="agent-env-121b4fc3-8349-443a-a561-e6f1244b7d7e"><testcase classname="backend.tests.test_iteration18_mode_toggles.TestProgramModeToggles" name="test_get_programs_returns_mode_fields" time="0.326" /><testcase classname="backend.tests.test_iteration18_mode_toggles.TestProgramModeToggles" name="test_create_program_with_default_mode_toggles" time="0.305" /><testcase classname="backend.tests.test_iteration18_mode_toggles.TestProgramModeToggles" name="test_create_program_with_custom_mode_toggles" time="0.248" /><testcase classname="backend.tests.test_iteration18_mode_toggles.TestProgramModeToggles" name="test_update_program_mode_toggles" time="0.515" /><testcase classname="backend.tests.test_iteration18_mode_toggles.TestProgramModeToggles" name="test_get_single_program_returns_mode_fields" time="0.324" /><testcase classname="backend.tests.test_iteration18_mode_toggles.TestVisibleOnlyProgramModes" name="test_visible_only_programs_have_mode_fields" time="0.136" /><testcase classname="backend.tests.test_iteration18_mode_toggles.TestVisibleOnlyProgramModes" name="test_upcoming_only_programs_have_mode_fields" time="0.101" /><testcase classname="backend.tests.test_iteration18_mode_toggles.TestModeFieldDefaultsForExistingPrograms" name="test_all_programs_have_mode_fields_with_defaults" time="0.105" /><testcase classname="backend.tests.test_iteration18_mode_toggles.TestAPIHealthCheck" name="test_api_is_accessible" time="0.100" /><testcase classname="backend.tests.test_iteration18_mode_toggles.TestAPIHealthCheck" name="test_programs_endpoint_accessible" time="0.110" /></testsuite></testsuites>