<?xml version="1.0" encoding="utf-8"?><testsuites name="pytest tests"><testsuite name="pytest" errors="0" failures="0" skipped="0" tests="20" time="3.407" timestamp="2026-03-18T08:02:27.197407+00:00" hostname="agent-env-2634b2c3-b6fe-4b5e-8969-ef49905ddb75"><testcase classname="backend.tests.test_iteration80_pricing.TestPricingConfigEndpoint" name="test_get_pricing_config_returns_programs_with_price_per_unit" time="0.283" /><testcase classname="backend.tests.test_iteration80_pricing.TestPricingConfigEndpoint" name="test_get_pricing_config_returns_programs_with_offer_price" time="0.140" /><testcase classname="backend.tests.test_iteration80_pricing.TestPricingConfigEndpoint" name="test_price_per_unit_has_currency_keys" time="0.141" /><testcase classname="backend.tests.test_iteration80_pricing.TestPricingConfigEndpoint" name="test_awrp_has_expected_pricing_structure" time="0.103" /><testcase classname="backend.tests.test_iteration80_pricing.TestPricingConfigEndpoint" name="test_mmm_has_expected_pricing_structure" time="0.125" /><testcase classname="backend.tests.test_iteration80_pricing.TestPricingConfigEndpoint" name="test_session_programs_have_no_pricing" time="0.139" /><testcase classname="backend.tests.test_iteration80_pricing.TestPricingConfigEndpoint" name="test_put_pricing_config_saves_per_program_pricing" time="0.330" /><testcase classname="backend.tests.test_iteration80_pricing.TestCalculatePricingEndpoint" name="test_calculate_pricing_returns_all_four_programs" time="0.114" /><testcase classname="backend.tests.test_iteration80_pricing.TestCalculatePricingEndpoint" name="test_calculate_pricing_has_total_price_per_currency" time="0.125" /><testcase classname="backend.tests.test_iteration80_pricing.TestCalculatePricingEndpoint" name="test_calculate_pricing_has_offer_price_per_currency" time="0.102" /><testcase classname="backend.tests.test_iteration80_pricing.TestCalculatePricingEndpoint" name="test_calculate_pricing_has_discount_pct_per_currency" time="0.110" /><testcase classname="backend.tests.test_iteration80_pricing.TestCalculatePricingEndpoint" name="test_total_price_equals_per_unit_times_duration" time="0.150" /><testcase classname="backend.tests.test_iteration80_pricing.TestCalculatePricingEndpoint" name="test_discount_pct_calculation" time="0.101" /><testcase classname="backend.tests.test_iteration80_pricing.TestCalculatePricingEndpoint" name="test_calculate_pricing_has_total_sums" time="0.098" /><testcase classname="backend.tests.test_iteration80_pricing.TestCalculatePricingEndpoint" name="test_calculate_pricing_has_offer_sums" time="0.106" /><testcase classname="backend.tests.test_iteration80_pricing.TestCalculatePricingEndpoint" name="test_calculate_pricing_has_overall_discount_pct" time="0.099" /><testcase classname="backend.tests.test_iteration80_pricing.TestRegressionEndpoints" name="test_list_subscribers_still_works" time="0.100" /><testcase classname="backend.tests.test_iteration80_pricing.TestRegressionEndpoints" name="test_download_template_still_works" time="0.608" /><testcase classname="backend.tests.test_iteration80_pricing.TestRegressionEndpoints" name="test_export_still_works" time="0.123" /><testcase classname="backend.tests.test_iteration80_pricing.TestRegressionEndpoints" name="test_student_home_accessible" time="0.110" /></testsuite></testsuites>