<?xml version="1.0" encoding="utf-8"?><testsuites name="pytest tests"><testsuite name="pytest" errors="0" failures="0" skipped="0" tests="14" time="2.645" timestamp="2026-03-12T11:32:52.839838+00:00" hostname="agent-env-2328cfcd-d3d5-4454-88f5-2ffe4d809803"><testcase classname="backend.tests.test_iteration25_page_headers.TestPageHeroesAPI" name="test_settings_contains_page_heroes_field" time="0.221" /><testcase classname="backend.tests.test_iteration25_page_headers.TestPageHeroesAPI" name="test_settings_contains_visibility_toggles" time="0.151" /><testcase classname="backend.tests.test_iteration25_page_headers.TestPageHeroesAPI" name="test_update_page_heroes_settings" time="0.380" /><testcase classname="backend.tests.test_iteration25_page_headers.TestPageHeroesAPI" name="test_update_program_hero_settings" time="0.333" /><testcase classname="backend.tests.test_iteration25_page_headers.TestProgramsEndpoint" name="test_get_programs" time="0.121" /><testcase classname="backend.tests.test_iteration25_page_headers.TestProgramsEndpoint" name="test_programs_have_flagship_field" time="0.101" /><testcase classname="backend.tests.test_iteration25_page_headers.TestProgramsEndpoint" name="test_flagship_programs_exist" time="0.113" /><testcase classname="backend.tests.test_iteration25_page_headers.TestBlogPage" name="test_blog_route_accessible" time="0.104" /><testcase classname="backend.tests.test_iteration25_page_headers.TestAboutPage" name="test_about_page_accessible" time="0.107" /><testcase classname="backend.tests.test_iteration25_page_headers.TestTransformationsPage" name="test_transformations_page_accessible" time="0.122" /><testcase classname="backend.tests.test_iteration25_page_headers.TestMediaPage" name="test_media_page_accessible" time="0.099" /><testcase classname="backend.tests.test_iteration25_page_headers.TestSettingsAPIIntegrity" name="test_settings_update_preserves_other_fields" time="0.312" /><testcase classname="backend.tests.test_iteration25_page_headers.TestSettingsAPIIntegrity" name="test_page_heroes_structure_validation" time="0.117" /><testcase classname="backend.tests.test_iteration25_page_headers.TestApplyHomepageStyleToAll" name="test_apply_style_copies_correctly" time="0.275" /></testsuite></testsuites>