<?xml version="1.0" encoding="utf-8"?><testsuites name="pytest tests"><testsuite name="pytest" errors="0" failures="0" skipped="0" tests="7" time="1.611" timestamp="2026-03-15T01:20:51.416373+00:00" hostname="agent-env-fa2a1f43-b8f3-4ffd-8e9f-0f02ab7c5364"><testcase classname="backend.tests.test_iteration57_about_hero_pricing.TestAboutHeroSettings" name="test_get_settings_has_page_heroes_about" time="0.192" /><testcase classname="backend.tests.test_iteration57_about_hero_pricing.TestAboutHeroSettings" name="test_update_about_hero_visibility_toggles" time="0.418" /><testcase classname="backend.tests.test_iteration57_about_hero_pricing.TestAboutHeroSettings" name="test_about_hero_alignment_options" time="0.460" /><testcase classname="backend.tests.test_iteration57_about_hero_pricing.TestPricingHubData" name="test_get_programs" time="0.114" /><testcase classname="backend.tests.test_iteration57_about_hero_pricing.TestPricingHubData" name="test_get_sessions" time="0.105" /><testcase classname="backend.tests.test_iteration57_about_hero_pricing.TestPricingHubData" name="test_programs_have_duration_tiers" time="0.118" /><testcase classname="backend.tests.test_iteration57_about_hero_pricing.TestAboutPageDataValidation" name="test_about_bio_fields_exist" time="0.107" /></testsuite></testsuites>