<?xml version="1.0" encoding="utf-8"?><testsuites name="pytest tests"><testsuite name="pytest" errors="0" failures="0" skipped="0" tests="24" time="3.602" timestamp="2026-03-18T15:18:28.405005+00:00" hostname="agent-env-0769f749-4926-4e86-8a11-2790df733876"><testcase classname="tests.test_iteration82_phase_b.TestStudentHomeAPI" name="test_student_home_returns_200" time="0.321" /><testcase classname="tests.test_iteration82_phase_b.TestStudentHomeAPI" name="test_student_home_has_programs" time="0.123" /><testcase classname="tests.test_iteration82_phase_b.TestStudentHomeAPI" name="test_student_home_has_financials" time="0.153" /><testcase classname="tests.test_iteration82_phase_b.TestStudentHomeAPI" name="test_student_home_has_client_id" time="0.115" /><testcase classname="tests.test_iteration82_phase_b.TestDailyProgressAPI" name="test_get_daily_progress_returns_200" time="0.127" /><testcase classname="tests.test_iteration82_phase_b.TestDailyProgressAPI" name="test_get_daily_progress_returns_list" time="0.130" /><testcase classname="tests.test_iteration82_phase_b.TestDailyProgressAPI" name="test_get_daily_progress_with_month_filter" time="0.128" /><testcase classname="tests.test_iteration82_phase_b.TestDailyProgressAPI" name="test_post_daily_progress_saves_entry" time="0.125" /><testcase classname="tests.test_iteration82_phase_b.TestDailyProgressAPI" name="test_post_daily_progress_with_extraordinary" time="0.123" /><testcase classname="tests.test_iteration82_phase_b.TestDailyProgressAPI" name="test_post_daily_progress_upsert_behavior" time="0.235" /><testcase classname="tests.test_iteration82_phase_b.TestDailyProgressAPI" name="test_daily_progress_validates_rating_bounds" time="0.118" /><testcase classname="tests.test_iteration82_phase_b.TestExtraordinaryMomentsAPI" name="test_get_extraordinary_moments_returns_200" time="0.120" /><testcase classname="tests.test_iteration82_phase_b.TestExtraordinaryMomentsAPI" name="test_get_extraordinary_moments_returns_list" time="0.168" /><testcase classname="tests.test_iteration82_phase_b.TestExtraordinaryMomentsAPI" name="test_extraordinary_moments_all_have_flag" time="0.119" /><testcase classname="tests.test_iteration82_phase_b.TestPauseProgramAPI" name="test_pause_program_without_allow_pause_returns_403" time="0.124" /><testcase classname="tests.test_iteration82_phase_b.TestPauseProgramAPI" name="test_pause_program_with_allow_pause_returns_200" time="0.105" /><testcase classname="tests.test_iteration82_phase_b.TestPauseProgramAPI" name="test_pause_nonexistent_program_returns_404" time="0.112" /><testcase classname="tests.test_iteration82_phase_b.TestResumeProgramAPI" name="test_resume_program_simple_returns_200_or_404" time="0.222" /><testcase classname="tests.test_iteration82_phase_b.TestResumeProgramAPI" name="test_resume_nonexistent_program_returns_404" time="0.140" /><testcase classname="tests.test_iteration82_phase_b.TestProgramScheduleAPI" name="test_get_program_schedule_returns_200" time="0.110" /><testcase classname="tests.test_iteration82_phase_b.TestProgramScheduleAPI" name="test_get_program_schedule_returns_list" time="0.108" /><testcase classname="tests.test_iteration82_phase_b.TestAdminSubscribersList" name="test_list_subscribers_returns_200" time="0.121" /><testcase classname="tests.test_iteration82_phase_b.TestAdminSubscribersList" name="test_list_subscribers_returns_list" time="0.128" /><testcase classname="tests.test_iteration82_phase_b.TestProgramDetailModel" name="test_subscriber_programs_have_allow_pause_field" time="0.109" /></testsuite></testsuites>