<?xml version="1.0" encoding="utf-8"?><testsuites name="pytest tests"><testsuite name="pytest" errors="0" failures="0" skipped="0" tests="15" time="2.560" timestamp="2026-03-14T15:37:55.084829+00:00" hostname="agent-env-bfbfd46e-4d41-4000-9f5e-debbc25c69e3"><testcase classname="backend.tests.test_iteration52_enrollment_status.TestEnrollmentStatusField" name="test_get_programs_returns_enrollment_status" time="0.128" /><testcase classname="backend.tests.test_iteration52_enrollment_status.TestEnrollmentStatusField" name="test_update_program_enrollment_status_to_coming_soon" time="0.437" /><testcase classname="backend.tests.test_iteration52_enrollment_status.TestEnrollmentStatusField" name="test_update_program_enrollment_status_to_closed" time="0.453" /><testcase classname="backend.tests.test_iteration52_enrollment_status.TestIsGroupProgramField" name="test_get_programs_returns_is_group_program" time="0.109" /><testcase classname="backend.tests.test_iteration52_enrollment_status.TestIsGroupProgramField" name="test_group_programs_filtering" time="0.114" /><testcase classname="backend.tests.test_iteration52_enrollment_status.TestNotifyMeEndpoint" name="test_notify_me_post_success" time="0.117" /><testcase classname="backend.tests.test_iteration52_enrollment_status.TestNotifyMeEndpoint" name="test_notify_me_duplicate_subscription" time="0.217" /><testcase classname="backend.tests.test_iteration52_enrollment_status.TestNotifyMeEndpoint" name="test_notify_me_get_subscribers" time="0.125" /><testcase classname="backend.tests.test_iteration52_enrollment_status.TestNotifyMeEndpoint" name="test_notify_me_get_by_program_id" time="0.110" /><testcase classname="backend.tests.test_iteration52_enrollment_status.TestFlagshipProgramsWithTiers" name="test_flagship_programs_have_tiers" time="0.112" /><testcase classname="backend.tests.test_iteration52_enrollment_status.TestFlagshipProgramsWithTiers" name="test_flagship_programs_have_show_flags" time="0.111" /><testcase classname="backend.tests.test_iteration52_enrollment_status.TestUpcomingProgramsFiltering" name="test_upcoming_only_filter" time="0.106" /><testcase classname="backend.tests.test_iteration52_enrollment_status.TestUpcomingProgramsFiltering" name="test_visible_only_filter" time="0.104" /><testcase classname="backend.tests.test_iteration52_enrollment_status.TestProgramsHubStructure" name="test_programs_categorization" time="0.134" /><testcase classname="backend.tests.test_iteration52_enrollment_status.TestSessionsFiltering" name="test_get_sessions" time="0.120" /></testsuite></testsuites>