<?xml version="1.0" encoding="utf-8"?><testsuites name="pytest tests"><testsuite name="pytest" errors="0" failures="0" skipped="0" tests="9" time="6.251" timestamp="2026-03-12T13:38:25.848691+00:00" hostname="agent-env-2328cfcd-d3d5-4454-88f5-2ffe4d809803"><testcase classname="tests.test_iteration26_sponsor_checkout.TestSponsorCheckout" name="test_sponsor_checkout_success" time="0.727" /><testcase classname="tests.test_iteration26_sponsor_checkout.TestSponsorCheckout" name="test_sponsor_checkout_creates_transaction" time="0.877" /><testcase classname="tests.test_iteration26_sponsor_checkout.TestSponsorCheckout" name="test_sponsor_checkout_with_different_currencies" time="3.320" /><testcase classname="tests.test_iteration26_sponsor_checkout.TestSponsorCheckout" name="test_sponsor_checkout_invalid_amount_zero" time="0.134" /><testcase classname="tests.test_iteration26_sponsor_checkout.TestSponsorCheckout" name="test_sponsor_checkout_invalid_amount_negative" time="0.139" /><testcase classname="tests.test_iteration26_sponsor_checkout.TestSponsorCheckout" name="test_sponsor_checkout_anonymous_flag" time="0.596" /><testcase classname="tests.test_iteration26_sponsor_checkout.TestPageHeroesSettings" name="test_settings_has_sponsor_in_page_heroes" time="0.112" /><testcase classname="tests.test_iteration26_sponsor_checkout.TestPageHeroesSettings" name="test_sponsor_hero_has_style_fields" time="0.109" /><testcase classname="tests.test_iteration26_sponsor_checkout.TestTransactionsAPI" name="test_transactions_includes_sponsor_type" time="0.165" /></testsuite></testsuites>