<?xml version="1.0" encoding="utf-8"?><testsuites name="pytest tests"><testsuite name="pytest" errors="0" failures="0" skipped="0" tests="13" time="1.259" timestamp="2026-03-12T05:45:16.701360+00:00" hostname="agent-env-121b4fc3-8349-443a-a561-e6f1244b7d7e"><testcase classname="backend.tests.test_iteration16_discounts_loyalty.TestDiscountSettings" name="test_get_discount_settings_returns_all_fields" time="0.171" /><testcase classname="backend.tests.test_iteration16_discounts_loyalty.TestDiscountCalculation" name="test_calculate_group_discount" time="0.114" /><testcase classname="backend.tests.test_iteration16_discounts_loyalty.TestDiscountCalculation" name="test_calculate_combo_discount" time="0.101" /><testcase classname="backend.tests.test_iteration16_discounts_loyalty.TestDiscountCalculation" name="test_calculate_no_discount_when_disabled" time="0.100" /><testcase classname="backend.tests.test_iteration16_discounts_loyalty.TestDiscountCalculation" name="test_calculate_combined_discounts" time="0.103" /><testcase classname="backend.tests.test_iteration16_discounts_loyalty.TestLoyaltyCheck" name="test_check_loyalty_new_user" time="0.052" /><testcase classname="backend.tests.test_iteration16_discounts_loyalty.TestSettingsSave" name="test_save_referral_setting" time="0.148" /><testcase classname="backend.tests.test_iteration16_discounts_loyalty.TestSettingsSave" name="test_save_group_discount_rules" time="0.049" /><testcase classname="backend.tests.test_iteration16_discounts_loyalty.TestSettingsSave" name="test_save_combo_discount" time="0.051" /><testcase classname="backend.tests.test_iteration16_discounts_loyalty.TestSettingsSave" name="test_save_loyalty_discount" time="0.048" /><testcase classname="backend.tests.test_iteration16_discounts_loyalty.TestGroupDiscountRuleLogic" name="test_highest_applicable_rule_selected" time="0.101" /><testcase classname="backend.tests.test_iteration16_discounts_loyalty.TestGroupDiscountRuleLogic" name="test_no_group_discount_below_threshold" time="0.096" /><testcase classname="backend.tests.test_iteration16_discounts_loyalty.TestResetSettings" name="test_reset_to_default_settings" time="0.053" /></testsuite></testsuites>