<?xml version="1.0" encoding="utf-8"?><testsuites name="pytest tests"><testsuite name="pytest" errors="0" failures="0" skipped="0" tests="16" time="3.033" timestamp="2026-03-18T07:42:43.005990+00:00" hostname="agent-env-2634b2c3-b6fe-4b5e-8969-ef49905ddb75"><testcase classname="backend.tests.test_iteration79_validity_dates.TestPricingConfigValidityDates" name="test_get_pricing_config_has_valid_from_field" time="0.129" /><testcase classname="backend.tests.test_iteration79_validity_dates.TestPricingConfigValidityDates" name="test_get_pricing_config_has_valid_to_field" time="0.108" /><testcase classname="backend.tests.test_iteration79_validity_dates.TestPricingConfigValidityDates" name="test_validity_dates_have_expected_format" time="0.116" /><testcase classname="backend.tests.test_iteration79_validity_dates.TestPricingConfigValidityDates" name="test_update_pricing_config_with_validity_dates" time="0.441" /><testcase classname="backend.tests.test_iteration79_validity_dates.TestPricingConfigValidityDates" name="test_empty_validity_dates_allowed" time="0.458" /><testcase classname="backend.tests.test_iteration79_validity_dates.TestPricingConfigAllFields" name="test_pricing_config_has_all_required_fields" time="0.110" /><testcase classname="backend.tests.test_iteration79_validity_dates.TestPricingConfigAllFields" name="test_pricing_has_all_currencies" time="0.258" /><testcase classname="backend.tests.test_iteration79_validity_dates.TestPricingConfigAllFields" name="test_notes_field_is_editable" time="0.419" /><testcase classname="backend.tests.test_iteration79_validity_dates.TestCalculatePricingRegression" name="test_calculate_pricing_still_works" time="0.109" /><testcase classname="backend.tests.test_iteration79_validity_dates.TestCalculatePricingRegression" name="test_breakdown_has_program_details" time="0.112" /><testcase classname="backend.tests.test_iteration79_validity_dates.TestSubscriberFormAutoFillRegression" name="test_list_subscribers_still_works" time="0.099" /><testcase classname="backend.tests.test_iteration79_validity_dates.TestSubscriberFormAutoFillRegression" name="test_pricing_config_has_auto_fill_fields" time="0.098" /><testcase classname="backend.tests.test_iteration79_validity_dates.TestStudentDashboardRegression" name="test_student_home_endpoint" time="0.115" /><testcase classname="backend.tests.test_iteration79_validity_dates.TestAdminPanelRegression" name="test_programs_list" time="0.109" /><testcase classname="backend.tests.test_iteration79_validity_dates.TestAdminPanelRegression" name="test_download_template_still_works" time="0.166" /><testcase classname="backend.tests.test_iteration79_validity_dates.TestAdminPanelRegression" name="test_export_still_works" time="0.104" /></testsuite></testsuites>