<?xml version="1.0" encoding="utf-8"?><testsuites name="pytest tests"><testsuite name="pytest" errors="0" failures="0" skipped="0" tests="9" time="1.409" timestamp="2026-03-13T14:35:04.478088+00:00" hostname="agent-env-6d5291a5-1895-4d96-b501-83280737ac32"><testcase classname="backend.tests.test_iteration43_timing_bug_fix.TestProgramTimingAPI" name="test_program_5_has_timing_field" time="0.219" /><testcase classname="backend.tests.test_iteration43_timing_bug_fix.TestProgramTimingAPI" name="test_program_5_has_time_zone_field" time="0.116" /><testcase classname="backend.tests.test_iteration43_timing_bug_fix.TestProgramTimingAPI" name="test_program_5_has_duration" time="0.150" /><testcase classname="backend.tests.test_iteration43_timing_bug_fix.TestProgramTimingAPI" name="test_program_5_has_start_date" time="0.139" /><testcase classname="backend.tests.test_iteration43_timing_bug_fix.TestProgramTimingAPI" name="test_program_5_is_upcoming" time="0.113" /><testcase classname="backend.tests.test_iteration43_timing_bug_fix.TestProgramWithoutTiming" name="test_program_1_has_empty_timing" time="0.186" /><testcase classname="backend.tests.test_iteration43_timing_bug_fix.TestProgramWithoutTiming" name="test_program_1_has_empty_time_zone" time="0.121" /><testcase classname="backend.tests.test_iteration43_timing_bug_fix.TestUpcomingProgramsEndpoint" name="test_upcoming_programs_filter" time="0.118" /><testcase classname="backend.tests.test_iteration43_timing_bug_fix.TestProgramUpdateAPI" name="test_get_program_5_full_response" time="0.138" /></testsuite></testsuites>