<?xml version="1.0" encoding="utf-8"?><testsuites name="pytest tests"><testsuite name="pytest" errors="0" failures="0" skipped="0" tests="8" time="1.154" timestamp="2026-03-18T05:30:33.372558+00:00" hostname="agent-env-2634b2c3-b6fe-4b5e-8969-ef49905ddb75"><testcase classname="backend.tests.test_student_dashboard_74.TestStudentAPIs" name="test_auth_me_with_valid_session" time="0.226" /><testcase classname="backend.tests.test_student_dashboard_74.TestStudentAPIs" name="test_auth_me_without_session" time="0.110" /><testcase classname="backend.tests.test_student_dashboard_74.TestStudentAPIs" name="test_student_home_with_session" time="0.123" /><testcase classname="backend.tests.test_student_dashboard_74.TestStudentAPIs" name="test_student_home_without_session" time="0.106" /><testcase classname="backend.tests.test_student_dashboard_74.TestSiteSettingsAPI" name="test_get_settings" time="0.104" /><testcase classname="backend.tests.test_student_dashboard_74.TestAdminAuth" name="test_admin_panel_does_not_have_api_login" time="0.153" /><testcase classname="backend.tests.test_student_dashboard_74.TestProgramsAndSessionsAPIs" name="test_get_programs" time="0.110" /><testcase classname="backend.tests.test_student_dashboard_74.TestProgramsAndSessionsAPIs" name="test_get_sessions" time="0.163" /></testsuite></testsuites>