<?xml version="1.0" encoding="utf-8"?><testsuites name="pytest tests"><testsuite name="pytest" errors="0" failures="0" skipped="0" tests="14" time="9.948" timestamp="2026-03-13T11:33:58.143346+00:00" hostname="agent-env-32719377-2de0-49aa-b0d8-7ca6141b6865"><testcase classname="backend.tests.test_api_keys_and_otp.TestApiKeysEndpoint" name="test_api_keys_returns_list" time="0.169" /><testcase classname="backend.tests.test_api_keys_and_otp.TestApiKeysEndpoint" name="test_api_keys_contains_stripe" time="0.114" /><testcase classname="backend.tests.test_api_keys_and_otp.TestApiKeysEndpoint" name="test_api_keys_contains_smtp" time="0.111" /><testcase classname="backend.tests.test_api_keys_and_otp.TestApiKeysEndpoint" name="test_api_keys_contains_sender_email" time="0.107" /><testcase classname="backend.tests.test_api_keys_and_otp.TestApiKeysEndpoint" name="test_api_keys_contains_receipt_email" time="0.112" /><testcase classname="backend.tests.test_api_keys_and_otp.TestApiKeysEndpoint" name="test_api_keys_structure" time="0.105" /><testcase classname="backend.tests.test_api_keys_and_otp.TestEmailOTPFlow" name="test_send_otp_success" time="3.899" /><testcase classname="backend.tests.test_api_keys_and_otp.TestEmailOTPFlow" name="test_send_otp_invalid_email" time="0.314" /><testcase classname="backend.tests.test_api_keys_and_otp.TestEmailOTPFlow" name="test_send_otp_enrollment_not_found" time="0.136" /><testcase classname="backend.tests.test_api_keys_and_otp.TestEmailOTPFlow" name="test_verify_otp_wrong_code" time="3.936" /><testcase classname="backend.tests.test_api_keys_and_otp.TestEmailOTPFlow" name="test_verify_otp_no_code_sent" time="0.328" /><testcase classname="backend.tests.test_api_keys_and_otp.TestEnrollmentStartIntegration" name="test_enrollment_start_success" time="0.179" /><testcase classname="backend.tests.test_api_keys_and_otp.TestEnrollmentStartIntegration" name="test_enrollment_start_invalid_email" time="0.159" /><testcase classname="backend.tests.test_api_keys_and_otp.TestEnrollmentStartIntegration" name="test_enrollment_start_no_participants" time="0.156" /></testsuite></testsuites>