<?xml version="1.0" encoding="utf-8"?><testsuites name="pytest tests"><testsuite name="pytest" errors="0" failures="0" skipped="1" tests="16" time="5.654" timestamp="2026-03-10T10:56:45.461913+00:00" hostname="agent-env-41062823-1c1e-415b-8c4a-d19783015d0f"><testcase classname="backend.tests.test_payments_iteration4.TestCurrencyEndpoints" name="test_currency_detect_returns_aed_as_default" time="0.257" /><testcase classname="backend.tests.test_payments_iteration4.TestCurrencyEndpoints" name="test_currency_supported_returns_5_currencies" time="0.155" /><testcase classname="backend.tests.test_payments_iteration4.TestPaymentCheckout" name="test_create_checkout_program_usd" time="0.947" /><testcase classname="backend.tests.test_payments_iteration4.TestPaymentCheckout" name="test_create_checkout_program_aed" time="0.617" /><testcase classname="backend.tests.test_payments_iteration4.TestPaymentCheckout" name="test_create_checkout_program_inr" time="0.580" /><testcase classname="backend.tests.test_payments_iteration4.TestPaymentCheckout" name="test_create_checkout_program_eur" time="0.627" /><testcase classname="backend.tests.test_payments_iteration4.TestPaymentCheckout" name="test_create_checkout_program_gbp" time="0.607" /><testcase classname="backend.tests.test_payments_iteration4.TestPaymentCheckout" name="test_create_checkout_invalid_program_returns_404" time="0.108" /><testcase classname="backend.tests.test_payments_iteration4.TestPaymentCheckout" name="test_create_checkout_invalid_item_type_returns_400" time="0.114" /><testcase classname="backend.tests.test_payments_iteration4.TestPaymentTransactions" name="test_get_transactions_returns_list" time="0.103" /><testcase classname="backend.tests.test_payments_iteration4.TestPaymentTransactions" name="test_get_status_invalid_session_returns_404" time="0.161" /><testcase classname="backend.tests.test_payments_iteration4.TestEnrollmentOpenToggle" name="test_program_has_enrollment_open_field" time="0.105" /><testcase classname="backend.tests.test_payments_iteration4.TestEnrollmentOpenToggle" name="test_program_has_price_aed_field" time="0.112" /><testcase classname="backend.tests.test_payments_iteration4.TestSessionPayments" name="test_session_has_price_aed_field" time="0.134" /><testcase classname="backend.tests.test_payments_iteration4.TestSessionPayments" name="test_create_checkout_session" time="0.119"><skipped type="pytest.skip" message="No session with price_usd &gt; 0 found">/app/backend/tests/test_payments_iteration4.py:229: No session with price_usd &gt; 0 found</skipped></testcase><testcase classname="backend.tests.test_payments_iteration4.TestTransactionCreation" name="test_transaction_created_on_checkout" time="0.805" /></testsuite></testsuites>