<?xml version="1.0" encoding="utf-8"?><testsuites name="pytest tests"><testsuite name="pytest" errors="0" failures="0" skipped="0" tests="9" time="2.896" timestamp="2026-03-12T15:32:07.131983+00:00" hostname="agent-env-ebca3340-f4af-4a1f-b8b8-bd11889498e7"><testcase classname="tests.test_sessions_iteration28.TestSessionsAPI" name="test_get_sessions_list" time="0.120" /><testcase classname="tests.test_sessions_iteration28.TestSessionsAPI" name="test_get_single_session" time="0.262" /><testcase classname="tests.test_sessions_iteration28.TestSessionsAPI" name="test_create_session_with_new_fields" time="0.254" /><testcase classname="tests.test_sessions_iteration28.TestSessionsAPI" name="test_update_session_with_new_fields" time="0.348" /><testcase classname="tests.test_sessions_iteration28.TestSessionsAPI" name="test_session_mode_values" time="0.352" /><testcase classname="tests.test_sessions_iteration28.TestSessionsAPI" name="test_visibility_toggle" time="0.513" /><testcase classname="tests.test_sessions_iteration28.TestSessionsAPI" name="test_delete_test_sessions" time="0.699" /><testcase classname="tests.test_sessions_iteration28.TestSessionsFiltering" name="test_visible_only_filter" time="0.188" /><testcase classname="tests.test_sessions_iteration28.TestSessionResponseStructure" name="test_session_fields_for_frontend" time="0.108" /></testsuite></testsuites>